<?xml version="1.0" encoding="UTF-8"?>
<!-- Generated by org.testng.reporters.JUnitReportReporter -->
<testsuite hostname="DESKTOP-NUIJU8C" failures="0" tests="2" name="testcases.LoginTest" time="36.024" errors="0" timestamp="2022-03-13T10:07:10 IST" skipped="0">
  <testcase classname="testcases.LoginTest" name="externalDataTest" time="14.546"/>
  <system-out/>
  <testcase classname="testcases.LoginTest" name="paramTest" time="21.478"/>
  <system-out/>
</testsuite> <!-- testcases.LoginTest -->
