<?xml version="1.0" encoding="UTF-8"?>
<!-- Generated by org.testng.reporters.JUnitReportReporter -->
<testsuite skipped="0" hostname="DESKTOP-NUIJU8C" name="testcases.LoginTest" tests="3" failures="0" timestamp="2022-03-19T10:03:03 IST" time="58.994" errors="0">
  <testcase name="externalDataTest" time="17.029" classname="testcases.LoginTest"/>
  <system-out/>
  <testcase name="paramTest" time="20.578" classname="testcases.LoginTest"/>
  <system-out/>
  <testcase name="loginFailureTest" time="21.387" classname="testcases.LoginTest"/>
  <system-out/>
</testsuite> <!-- testcases.LoginTest -->
