<?xml version="1.0" encoding="UTF-8"?>
<!-- Generated by org.testng.reporters.JUnitReportReporter -->
<testsuite skipped="0" hostname="DESKTOP-NUIJU8C" name="testcases.LoginTest" tests="2" failures="0" timestamp="2022-03-19T09:38:58 IST" time="38.090" errors="0">
  <testcase name="externalDataTest" time="18.312" classname="testcases.LoginTest"/>
  <system-out/>
  <testcase name="paramTest" time="19.778" classname="testcases.LoginTest"/>
  <system-out/>
</testsuite> <!-- testcases.LoginTest -->
