<?xml version="1.0" encoding="UTF-8"?>
<!-- Generated by org.testng.reporters.JUnitReportReporter -->
<testsuite skipped="0" hostname="DESKTOP-NUIJU8C" name="testcases.LoginTest" tests="2" failures="0" timestamp="2022-03-13T10:21:27 IST" time="55.918" errors="0">
  <testcase name="externalDataTest" time="23.218" classname="testcases.LoginTest"/>
  <system-out/>
  <testcase name="paramTest" time="32.700" classname="testcases.LoginTest"/>
  <system-out/>
</testsuite> <!-- testcases.LoginTest -->
